<?xml version="1.0" encoding="UTF-8"?>
<testsuite xmlns:xsi="http://www.w3.org/2001/XMLSchema-instance" xsi:noNamespaceSchemaLocation="https://maven.apache.org/surefire/maven-surefire-plugin/xsd/surefire-test-report-3.0.xsd" version="3.0" name="com.roomtour.assistant.dispatch.PrefixCommandRouterTest" time="0.089" tests="10" errors="0" skipped="0" failures="0">
  <properties>
[...]
</properties>
  <testcase name="commandsBypassConversationHistory" classname="com.roomtour.assistant.dispatch.PrefixCommandRouterTest" time="0.038"/>
  <testcase name="dailyBriefingIsNarratedByAI" classname="com.roomtour.assistant.dispatch.PrefixCommandRouterTest" time="0.006"/>
  <testcase name="whatsNewTellsUserWhenThereIsNothingNew" classname="com.roomtour.assistant.dispatch.PrefixCommandRouterTest" time="0.003"/>
  <testcase name="plainMessageStartsAConversation" classname="com.roomtour.assistant.dispatch.PrefixCommandRouterTest" time="0.005"/>
  <testcase name="briefingFallsBackGracefullyWhenAIIsUnavailable" classname="com.roomtour.assistant.dispatch.PrefixCommandRouterTest" time="0.004"/>
  <testcase name="addNoteWithoutTextIsRejected" classname="com.roomtour.assistant.dispatch.PrefixCommandRouterTest" time="0.003"/>
  <testcase name="commandPreservesTheActiveSession" classname="com.roomtour.assistant.dispatch.PrefixCommandRouterTest" time="0.004"/>
  <testcase name="whatsNewShowsCurrentLifelogSummary" classname="com.roomtour.assistant.dispatch.PrefixCommandRouterTest" time="0.004"/>
  <testcase name="unrecognisedCommandIsReportedToUser" classname="com.roomtour.assistant.dispatch.PrefixCommandRouterTest" time="0.003"/>
  <testcase name="userCanSaveANoteForLaterContext" classname="com.roomtour.assistant.dispatch.PrefixCommandRouterTest" time="0.004"/>
</testsuite>